Python 3.10.20
Requirement already satisfied: pip in /home/fffop/.conda/envs/SAM_DINO/lib/python3.10/site-packages (26.0.1)
Requirement already satisfied: setuptools in /home/fffop/.conda/envs/SAM_DINO/lib/python3.10/site-packages (82.0.1)
Requirement already satisfied: wheel in /home/fffop/.conda/envs/SAM_DINO/lib/python3.10/site-packages (0.46.3)
Requirement already satisfied: packaging>=24.0 in /home/fffop/.conda/envs/SAM_DINO/lib/python3.10/site-packages (from wheel) (25.0)
Looking in indexes: https://download.pytorch.org/whl/cu121
Requirement already satisfied: torch in /home/fffop/.conda/envs/SAM_DINO/lib/python3.10/site-packages (2.5.1+cu121)
Requirement already satisfied: torchvision in /home/fffop/.conda/envs/SAM_DINO/lib/python3.10/site-packages (0.20.1+cu121)
Requirement already satisfied: filelock in /home/fffop/.conda/envs/SAM_DINO/lib/python3.10/site-packages (from torch) (3.25.2)
Requirement already satisfied: typing-extensions>=4.8.0 in /home/fffop/.conda/envs/SAM_DINO/lib/python3.10/site-packages (from torch) (4.15.0)
Requirement already satisfied: networkx in /home/fffop/.conda/envs/SAM_DINO/lib/python3.10/site-packages (from torch) (3.4.2)
Requirement already satisfied: jinja2 in /home/fffop/.conda/envs/SAM_DINO/lib/python3.10/site-packages (from torch) (3.1.6)
Requirement already satisfied: fsspec in /home/fffop/.conda/envs/SAM_DINO/lib/python3.10/site-packages (from torch) (2026.2.0)
Requirement already satisfied: nvidia-cuda-nvrtc-cu12==12.1.105 in /home/fffop/.conda/envs/SAM_DINO/lib/python3.10/site-packages (from torch) (12.1.105)
Requirement already satisfied: nvidia-cuda-runtime-cu12==12.1.105 in /home/fffop/.conda/envs/SAM_DINO/lib/python3.10/site-packages (from torch) (12.1.105)
Requirement already satisfied: nvidia-cuda-cupti-cu12==12.1.105 in /home/fffop/.conda/envs/SAM_DINO/lib/python3.10/site-packages (from torch) (12.1.105)
Requirement already satisfied: nvidia-cudnn-cu12==9.1.0.70 in /home/fffop/.conda/envs/SAM_DINO/lib/python3.10/site-packages (from torch) (9.1.0.70)
Requirement already satisfied: nvidia-cublas-cu12==12.1.3.1 in /home/fffop/.conda/envs/SAM_DINO/lib/python3.10/site-packages (from torch) (12.1.3.1)
Requirement already satisfied: nvidia-cufft-cu12==11.0.2.54 in /home/fffop/.conda/envs/SAM_DINO/lib/python3.10/site-packages (from torch) (11.0.2.54)
Requirement already satisfied: nvidia-curand-cu12==10.3.2.106 in /home/fffop/.conda/envs/SAM_DINO/lib/python3.10/site-packages (from torch) (10.3.2.106)
Requirement already satisfied: nvidia-cusolver-cu12==11.4.5.107 in /home/fffop/.conda/envs/SAM_DINO/lib/python3.10/site-packages (from torch) (11.4.5.107)
Requirement already satisfied: nvidia-cusparse-cu12==12.1.0.106 in /home/fffop/.conda/envs/SAM_DINO/lib/python3.10/site-packages (from torch) (12.1.0.106)
Requirement already satisfied: nvidia-nccl-cu12==2.21.5 in /home/fffop/.conda/envs/SAM_DINO/lib/python3.10/site-packages (from torch) (2.21.5)
Requirement already satisfied: nvidia-nvtx-cu12==12.1.105 in /home/fffop/.conda/envs/SAM_DINO/lib/python3.10/site-packages (from torch) (12.1.105)
Requirement already satisfied: triton==3.1.0 in /home/fffop/.conda/envs/SAM_DINO/lib/python3.10/site-packages (from torch) (3.1.0)
Requirement already satisfied: sympy==1.13.1 in /home/fffop/.conda/envs/SAM_DINO/lib/python3.10/site-packages (from torch) (1.13.1)
Requirement already satisfied: nvidia-nvjitlink-cu12 in /home/fffop/.conda/envs/SAM_DINO/lib/python3.10/site-packages (from nvidia-cusolver-cu12==11.4.5.107->torch) (12.9.86)
Requirement already satisfied: mpmath<1.4,>=1.1.0 in /home/fffop/.conda/envs/SAM_DINO/lib/python3.10/site-packages (from sympy==1.13.1->torch) (1.3.0)
Requirement already satisfied: numpy in /home/fffop/.conda/envs/SAM_DINO/lib/python3.10/site-packages (from torchvision) (2.2.6)
Requirement already satisfied: pillow!=8.3.*,>=5.3.0 in /home/fffop/.conda/envs/SAM_DINO/lib/python3.10/site-packages (from torchvision) (12.1.1)
Requirement already satisfied: MarkupSafe>=2.0 in /home/fffop/.conda/envs/SAM_DINO/lib/python3.10/site-packages (from jinja2->torch) (3.0.3)
Requirement already satisfied: numpy in /home/fffop/.conda/envs/SAM_DINO/lib/python3.10/site-packages (2.2.6)
Requirement already satisfied: pillow in /home/fffop/.conda/envs/SAM_DINO/lib/python3.10/site-packages (12.1.1)
Requirement already satisfied: opencv-python in /home/fffop/.conda/envs/SAM_DINO/lib/python3.10/site-packages (4.13.0.92)
Requirement already satisfied: matplotlib in /home/fffop/.conda/envs/SAM_DINO/lib/python3.10/site-packages (3.10.8)
Requirement already satisfied: tqdm in /home/fffop/.conda/envs/SAM_DINO/lib/python3.10/site-packages (4.67.3)
Requirement already satisfied: requests in /home/fffop/.conda/envs/SAM_DINO/lib/python3.10/site-packages (2.33.1)
Requirement already satisfied: scipy in /home/fffop/.conda/envs/SAM_DINO/lib/python3.10/site-packages (1.15.3)
Requirement already satisfied: supervision in /home/fffop/.conda/envs/SAM_DINO/lib/python3.10/site-packages (0.27.0.post2)
Requirement already satisfied: pycocotools in /home/fffop/.conda/envs/SAM_DINO/lib/python3.10/site-packages (2.0.11)
Requirement already satisfied: onnxruntime in /home/fffop/.conda/envs/SAM_DINO/lib/python3.10/site-packages (1.23.2)
Requirement already satisfied: addict in /home/fffop/.conda/envs/SAM_DINO/lib/python3.10/site-packages (2.4.0)
Requirement already satisfied: yapf in /home/fffop/.conda/envs/SAM_DINO/lib/python3.10/site-packages (0.43.0)
Requirement already satisfied: timm in /home/fffop/.conda/envs/SAM_DINO/lib/python3.10/site-packages (1.0.26)
Collecting transformers
  Using cached transformers-5.4.0-py3-none-any.whl.metadata (32 kB)
Requirement already satisfied: ninja in /home/fffop/.conda/envs/SAM_DINO/lib/python3.10/site-packages (1.13.0)
Requirement already satisfied: contourpy>=1.0.1 in /home/fffop/.conda/envs/SAM_DINO/lib/python3.10/site-packages (from matplotlib) (1.3.2)
Requirement already satisfied: cycler>=0.10 in /home/fffop/.conda/envs/SAM_DINO/lib/python3.10/site-packages (from matplotlib) (0.12.1)
Requirement already satisfied: fonttools>=4.22.0 in /home/fffop/.conda/envs/SAM_DINO/lib/python3.10/site-packages (from matplotlib) (4.62.1)
Requirement already satisfied: kiwisolver>=1.3.1 in /home/fffop/.conda/envs/SAM_DINO/lib/python3.10/site-packages (from matplotlib) (1.5.0)
Requirement already satisfied: packaging>=20.0 in /home/fffop/.conda/envs/SAM_DINO/lib/python3.10/site-packages (from matplotlib) (25.0)
Requirement already satisfied: pyparsing>=3 in /home/fffop/.conda/envs/SAM_DINO/lib/python3.10/site-packages (from matplotlib) (3.3.2)
Requirement already satisfied: python-dateutil>=2.7 in /home/fffop/.conda/envs/SAM_DINO/lib/python3.10/site-packages (from matplotlib) (2.9.0.post0)
Requirement already satisfied: charset_normalizer<4,>=2 in /home/fffop/.conda/envs/SAM_DINO/lib/python3.10/site-packages (from requests) (3.4.6)
Requirement already satisfied: idna<4,>=2.5 in /home/fffop/.conda/envs/SAM_DINO/lib/python3.10/site-packages (from requests) (3.11)
Requirement already satisfied: urllib3<3,>=1.26 in /home/fffop/.conda/envs/SAM_DINO/lib/python3.10/site-packages (from requests) (2.6.3)
Requirement already satisfied: certifi>=2023.5.7 in /home/fffop/.conda/envs/SAM_DINO/lib/python3.10/site-packages (from requests) (2026.2.25)
Requirement already satisfied: pyyaml>=5.3 in /home/fffop/.conda/envs/SAM_DINO/lib/python3.10/site-packages (from supervision) (6.0.3)
Requirement already satisfied: defusedxml>=0.7.1 in /home/fffop/.conda/envs/SAM_DINO/lib/python3.10/site-packages (from supervision) (0.7.1)
Requirement already satisfied: pyDeprecate<0.6.0,>=0.4.0 in /home/fffop/.conda/envs/SAM_DINO/lib/python3.10/site-packages (from supervision) (0.5.0)
Requirement already satisfied: coloredlogs in /home/fffop/.conda/envs/SAM_DINO/lib/python3.10/site-packages (from onnxruntime) (15.0.1)
Requirement already satisfied: flatbuffers in /home/fffop/.conda/envs/SAM_DINO/lib/python3.10/site-packages (from onnxruntime) (25.12.19)
Requirement already satisfied: protobuf in /home/fffop/.conda/envs/SAM_DINO/lib/python3.10/site-packages (from onnxruntime) (7.34.1)
Requirement already satisfied: sympy in /home/fffop/.conda/envs/SAM_DINO/lib/python3.10/site-packages (from onnxruntime) (1.13.1)
Requirement already satisfied: platformdirs>=3.5.1 in /home/fffop/.conda/envs/SAM_DINO/lib/python3.10/site-packages (from yapf) (4.9.4)
Requirement already satisfied: tomli>=2.0.1 in /home/fffop/.conda/envs/SAM_DINO/lib/python3.10/site-packages (from yapf) (2.4.1)
Requirement already satisfied: torch in /home/fffop/.conda/envs/SAM_DINO/lib/python3.10/site-packages (from timm) (2.5.1+cu121)
Requirement already satisfied: torchvision in /home/fffop/.conda/envs/SAM_DINO/lib/python3.10/site-packages (from timm) (0.20.1+cu121)
Requirement already satisfied: huggingface_hub in /home/fffop/.conda/envs/SAM_DINO/lib/python3.10/site-packages (from timm) (1.8.0)
Requirement already satisfied: safetensors in /home/fffop/.conda/envs/SAM_DINO/lib/python3.10/site-packages (from timm) (0.7.0)
Collecting regex>=2025.10.22 (from transformers)
  Using cached regex-2026.3.32-cp310-cp310-manylinux2014_x86_64.manylinux_2_17_x86_64.manylinux_2_28_x86_64.whl.metadata (40 kB)
Collecting tokenizers<=0.23.0,>=0.22.0 (from transformers)
  Using cached tokenizers-0.22.2-cp39-abi3-manylinux_2_17_x86_64.manylinux2014_x86_64.whl.metadata (7.3 kB)
Requirement already satisfied: typer in /home/fffop/.conda/envs/SAM_DINO/lib/python3.10/site-packages (from transformers) (0.24.1)
Requirement already satisfied: filelock>=3.10.0 in /home/fffop/.conda/envs/SAM_DINO/lib/python3.10/site-packages (from huggingface_hub->timm) (3.25.2)
Requirement already satisfied: fsspec>=2023.5.0 in /home/fffop/.conda/envs/SAM_DINO/lib/python3.10/site-packages (from huggingface_hub->timm) (2026.2.0)
Requirement already satisfied: hf-xet<2.0.0,>=1.4.2 in /home/fffop/.conda/envs/SAM_DINO/lib/python3.10/site-packages (from huggingface_hub->timm) (1.4.2)
Requirement already satisfied: httpx<1,>=0.23.0 in /home/fffop/.conda/envs/SAM_DINO/lib/python3.10/site-packages (from huggingface_hub->timm) (0.28.1)
Requirement already satisfied: typing-extensions>=4.1.0 in /home/fffop/.conda/envs/SAM_DINO/lib/python3.10/site-packages (from huggingface_hub->timm) (4.15.0)
Requirement already satisfied: anyio in /home/fffop/.conda/envs/SAM_DINO/lib/python3.10/site-packages (from httpx<1,>=0.23.0->huggingface_hub->timm) (4.13.0)
Requirement already satisfied: httpcore==1.* in /home/fffop/.conda/envs/SAM_DINO/lib/python3.10/site-packages (from httpx<1,>=0.23.0->huggingface_hub->timm) (1.0.9)
Requirement already satisfied: h11>=0.16 in /home/fffop/.conda/envs/SAM_DINO/lib/python3.10/site-packages (from httpcore==1.*->httpx<1,>=0.23.0->huggingface_hub->timm) (0.16.0)
Requirement already satisfied: six>=1.5 in /home/fffop/.conda/envs/SAM_DINO/lib/python3.10/site-packages (from python-dateutil>=2.7->matplotlib) (1.17.0)
Requirement already satisfied: exceptiongroup>=1.0.2 in /home/fffop/.conda/envs/SAM_DINO/lib/python3.10/site-packages (from anyio->httpx<1,>=0.23.0->huggingface_hub->timm) (1.3.1)
Requirement already satisfied: humanfriendly>=9.1 in /home/fffop/.conda/envs/SAM_DINO/lib/python3.10/site-packages (from coloredlogs->onnxruntime) (10.0)
Requirement already satisfied: mpmath<1.4,>=1.1.0 in /home/fffop/.conda/envs/SAM_DINO/lib/python3.10/site-packages (from sympy->onnxruntime) (1.3.0)
Requirement already satisfied: networkx in /home/fffop/.conda/envs/SAM_DINO/lib/python3.10/site-packages (from torch->timm) (3.4.2)
Requirement already satisfied: jinja2 in /home/fffop/.conda/envs/SAM_DINO/lib/python3.10/site-packages (from torch->timm) (3.1.6)
Requirement already satisfied: nvidia-cuda-nvrtc-cu12==12.1.105 in /home/fffop/.conda/envs/SAM_DINO/lib/python3.10/site-packages (from torch->timm) (12.1.105)
Requirement already satisfied: nvidia-cuda-runtime-cu12==12.1.105 in /home/fffop/.conda/envs/SAM_DINO/lib/python3.10/site-packages (from torch->timm) (12.1.105)
Requirement already satisfied: nvidia-cuda-cupti-cu12==12.1.105 in /home/fffop/.conda/envs/SAM_DINO/lib/python3.10/site-packages (from torch->timm) (12.1.105)
Requirement already satisfied: nvidia-cudnn-cu12==9.1.0.70 in /home/fffop/.conda/envs/SAM_DINO/lib/python3.10/site-packages (from torch->timm) (9.1.0.70)
Requirement already satisfied: nvidia-cublas-cu12==12.1.3.1 in /home/fffop/.conda/envs/SAM_DINO/lib/python3.10/site-packages (from torch->timm) (12.1.3.1)
Requirement already satisfied: nvidia-cufft-cu12==11.0.2.54 in /home/fffop/.conda/envs/SAM_DINO/lib/python3.10/site-packages (from torch->timm) (11.0.2.54)
Requirement already satisfied: nvidia-curand-cu12==10.3.2.106 in /home/fffop/.conda/envs/SAM_DINO/lib/python3.10/site-packages (from torch->timm) (10.3.2.106)
Requirement already satisfied: nvidia-cusolver-cu12==11.4.5.107 in /home/fffop/.conda/envs/SAM_DINO/lib/python3.10/site-packages (from torch->timm) (11.4.5.107)
Requirement already satisfied: nvidia-cusparse-cu12==12.1.0.106 in /home/fffop/.conda/envs/SAM_DINO/lib/python3.10/site-packages (from torch->timm) (12.1.0.106)
Requirement already satisfied: nvidia-nccl-cu12==2.21.5 in /home/fffop/.conda/envs/SAM_DINO/lib/python3.10/site-packages (from torch->timm) (2.21.5)
Requirement already satisfied: nvidia-nvtx-cu12==12.1.105 in /home/fffop/.conda/envs/SAM_DINO/lib/python3.10/site-packages (from torch->timm) (12.1.105)
Requirement already satisfied: triton==3.1.0 in /home/fffop/.conda/envs/SAM_DINO/lib/python3.10/site-packages (from torch->timm) (3.1.0)
Requirement already satisfied: nvidia-nvjitlink-cu12 in /home/fffop/.conda/envs/SAM_DINO/lib/python3.10/site-packages (from nvidia-cusolver-cu12==11.4.5.107->torch->timm) (12.9.86)
Requirement already satisfied: MarkupSafe>=2.0 in /home/fffop/.conda/envs/SAM_DINO/lib/python3.10/site-packages (from jinja2->torch->timm) (3.0.3)
Requirement already satisfied: click>=8.2.1 in /home/fffop/.conda/envs/SAM_DINO/lib/python3.10/site-packages (from typer->transformers) (8.3.1)
Requirement already satisfied: shellingham>=1.3.0 in /home/fffop/.conda/envs/SAM_DINO/lib/python3.10/site-packages (from typer->transformers) (1.5.4)
Requirement already satisfied: rich>=12.3.0 in /home/fffop/.conda/envs/SAM_DINO/lib/python3.10/site-packages (from typer->transformers) (14.3.3)
Requirement already satisfied: annotated-doc>=0.0.2 in /home/fffop/.conda/envs/SAM_DINO/lib/python3.10/site-packages (from typer->transformers) (0.0.4)
Requirement already satisfied: markdown-it-py>=2.2.0 in /home/fffop/.conda/envs/SAM_DINO/lib/python3.10/site-packages (from rich>=12.3.0->typer->transformers) (4.0.0)
Requirement already satisfied: pygments<3.0.0,>=2.13.0 in /home/fffop/.conda/envs/SAM_DINO/lib/python3.10/site-packages (from rich>=12.3.0->typer->transformers) (2.20.0)
Requirement already satisfied: mdurl~=0.1 in /home/fffop/.conda/envs/SAM_DINO/lib/python3.10/site-packages (from markdown-it-py>=2.2.0->rich>=12.3.0->typer->transformers) (0.1.2)
Using cached transformers-5.4.0-py3-none-any.whl (10.1 MB)
Using cached tokenizers-0.22.2-cp39-abi3-manylinux_2_17_x86_64.manylinux2014_x86_64.whl (3.3 MB)
Using cached regex-2026.3.32-cp310-cp310-manylinux2014_x86_64.manylinux_2_17_x86_64.manylinux_2_28_x86_64.whl (790 kB)
Installing collected packages: regex, tokenizers, transformers

Successfully installed regex-2026.3.32 tokenizers-0.22.2 transformers-5.4.0
Obtaining file:///home/fffop/FMC3/Detect_Camera/external/GroundingDINO
  Checking if build backend supports build_editable: started
  Checking if build backend supports build_editable: finished with status 'done'
  Preparing editable metadata (pyproject.toml): started
  Preparing editable metadata (pyproject.toml): finished with status 'done'
Building wheels for collected packages: groundingdino
  Building editable for groundingdino (pyproject.toml): started
  Building editable for groundingdino (pyproject.toml): finished with status 'done'
  Created wheel for groundingdino: filename=groundingdino-0.1.0-0.editable-cp310-cp310-linux_x86_64.whl size=11161 sha256=353aa5ce55fd5e6e810b65637807e0b3e6644b00dd73da4ac6cb979d343fe376
  Stored in directory: /tmp/pip-ephem-wheel-cache-67s4t4af/wheels/ab/89/a8/7b604950f140e4c730af0113973e4467a262cfa2fb93073bcc
Successfully built groundingdino
Installing collected packages: groundingdino
Successfully installed groundingdino-0.1.0
Obtaining file:///home/fffop/FMC3/Detect_Camera/external/segment-anything
  Installing build dependencies: started
  Installing build dependencies: finished with status 'done'
  Checking if build backend supports build_editable: started
  Checking if build backend supports build_editable: finished with status 'done'
  Getting requirements to build editable: started
  Getting requirements to build editable: finished with status 'done'
  Preparing editable metadata (pyproject.toml): started
  Preparing editable metadata (pyproject.toml): finished with status 'done'
Building wheels for collected packages: segment_anything
  Building editable for segment_anything (pyproject.toml): started
  Building editable for segment_anything (pyproject.toml): finished with status 'done'
  Created wheel for segment_anything: filename=segment_anything-1.0-0.editable-py3-none-any.whl size=7079 sha256=92db7ee295bfede5e6eef25601bfe75708ca04b7f532900978ad0d23298709f8
  Stored in directory: /tmp/pip-ephem-wheel-cache-1m71r0zy/wheels/17/61/cf/553f9d1476a2613ab29d04854c0b575ca7e3aa40927eeb9685
Successfully built segment_anything
Installing collected packages: segment_anything
Successfully installed segment_anything-1.0

Project setup finished in environment 'SAM_DINO'.
Next step: bash scripts/download_weights.sh vit_b
